<?xml version="1.0" encoding="UTF-8"?>
<!-- Generated by org.testng.reporters.JUnitReportReporter -->
<testsuite hostname="DESKTOP-A9ARH4A" failures="0" tests="14" name="CROWN.CICOD.COM.Account.CreateCreditNote" time="113.990" errors="0" timestamp="10 Dec 2020 15:58:49 GMT" skipped="1">
  <testcase classname="CROWN.CICOD.COM.Account.CreateCreditNote" name="login" time="7.779"/>
  <testcase classname="CROWN.CICOD.COM.Account.CreateCreditNote" name="CustomerOrderManagement" time="10.019"/>
  <testcase classname="CROWN.CICOD.COM.Account.CreateCreditNote" name="AccountButton" time="2.018"/>
  <testcase classname="CROWN.CICOD.COM.Account.CreateCreditNote" name="CreditNoteButton" time="2.643"/>
  <testcase classname="CROWN.CICOD.COM.Account.CreateCreditNote" name="CreateCreditNoteButton" time="3.756"/>
  <testcase classname="CROWN.CICOD.COM.Account.CreateCreditNote" name="InputCustomerName" time="6.679"/>
  <testcase classname="CROWN.CICOD.COM.Account.CreateCreditNote" name="SelectReason" time="2.019"/>
  <testcase classname="CROWN.CICOD.COM.Account.CreateCreditNote" name="inputInvoiceNumber" time="0.137"/>
  <testcase classname="CROWN.CICOD.COM.Account.CreateCreditNote" name="EnterQuantity" time="1.299"/>
  <testcase classname="CROWN.CICOD.COM.Account.CreateCreditNote" name="EnterAmount" time="1.276"/>
  <testcase classname="CROWN.CICOD.COM.Account.CreateCreditNote" name="Description" time="1.328"/>
  <testcase classname="CROWN.CICOD.COM.Account.CreateCreditNote" name="SendButton" time="2.310"/>
  <testcase classname="CROWN.CICOD.COM.Account.CreateCreditNote" name="AssertCreditNoteCreation" time="10.659"/>
  <testcase classname="CROWN.CICOD.COM.Account.CreateCreditNote" name="AssertCreditNoteCreation" time="62.068">
    <skipped/>
  </testcase> <!-- AssertCreditNoteCreation -->
</testsuite> <!-- CROWN.CICOD.COM.Account.CreateCreditNote -->
