<?xml version="1.0" encoding="UTF-8"?>
<!-- Generated by org.testng.reporters.JUnitReportReporter -->
<testsuite hostname="DESKTOP-A9ARH4A" failures="0" tests="6" name="CROWN.CICOD.COM.Account.CustomerAccount" time="26.253" errors="0" timestamp="10 Dec 2020 15:58:49 GMT" skipped="0">
  <testcase classname="CROWN.CICOD.COM.Account.CustomerAccount" name="login" time="8.204"/>
  <testcase classname="CROWN.CICOD.COM.Account.CustomerAccount" name="CustomerOrderManagement" time="9.595"/>
  <testcase classname="CROWN.CICOD.COM.Account.CustomerAccount" name="AccountButton" time="2.721"/>
  <testcase classname="CROWN.CICOD.COM.Account.CustomerAccount" name="CustomerAccountButton" time="3.357"/>
  <testcase classname="CROWN.CICOD.COM.Account.CustomerAccount" name="AssertCustomerAccount" time="1.285"/>
  <testcase classname="CROWN.CICOD.COM.Account.CustomerAccount" name="AssertValueofCustomerAccount" time="1.091"/>
</testsuite> <!-- CROWN.CICOD.COM.Account.CustomerAccount -->
